<?xml version="1.0" encoding="UTF-8"?>
<!-- Generated by org.testng.reporters.JUnitReportReporter -->
<testsuite hostname="Raghav" name="com.actitime.timetrack.Demo" tests="1" failures="0" timestamp="4 Aug 2020 11:09:32 GMT" time="0.025" errors="0">
  <testcase name="runTest" time="0.025" classname="com.actitime.timetrack.Demo"/>
</testsuite> <!-- com.actitime.timetrack.Demo -->
